<?xml version="1.0" encoding="UTF-8" ?>
<testsuite tests="1" failures="1" name="com.loveholidays.mmbtesting.MMBTest1" time="24.854" errors="0" skipped="0">
  <properties>
[...]
</properties>
  <testcase classname="com.loveholidays.mmbtesting.MMBTest1" name="Scenario1" time="15.572">
    <failure message="expected [true] but found [false]" type="java.lang.AssertionError">java.lang.AssertionError: expected [true] but found [false]
	at org.testng.Assert.fail(Assert.java:94)
	at org.testng.Assert.failNotEquals(Assert.java:494)
	at org.testng.Assert.assertEquals(Assert.java:123)
	at org.testng.Assert.assertEquals(Assert.java:286)
	at org.testng.Assert.assertEquals(Assert.java:296)
	at com.loveholidays.mmbtesting.MMBTest1.Scenario1(MMBTest1.java:64)
</failure>
    <system-out>setCustomValidity(&apos;Your booking reference starts with LVE or LOV and can be found on your booking summary. If you haven’t received your booking summary yet, you’ll be unable to login to Manage My Booking.&apos;)
Switching to alert
Alert present
</system-out>
    <system-err>Starting ChromeDriver 2.25.426923 (0390b88869384d6eb0d5d09729679f934aab9eed) on port 5888
Only local connections are allowed.
Jul 12, 2017 11:30:50 PM org.openqa.selenium.remote.ProtocolHandshake createSession
INFO: Detected dialect: OSS
</system-err>
  </testcase>
</testsuite>